<?xml version="1.0" encoding="UTF-8"?>
<!-- Generated by org.testng.reporters.JUnitReportReporter -->
<testsuite hostname="FourColorsLenov" failures="0" tests="5" name="Automation.AWCTeamCenter.JenkinsGitDemoTest" time="75.592" errors="0" timestamp="20 Dec 2023 22:52:56 GMT" skipped="0">
  <testcase classname="Automation.AWCTeamCenter.JenkinsGitDemoTest" name="test2" time="12.850"/>
  <testcase classname="Automation.AWCTeamCenter.JenkinsGitDemoTest" name="test4" time="24.220"/>
  <testcase classname="Automation.AWCTeamCenter.JenkinsGitDemoTest" name="test5" time="12.847"/>
  <testcase classname="Automation.AWCTeamCenter.JenkinsGitDemoTest" name="test1" time="12.816"/>
  <testcase classname="Automation.AWCTeamCenter.JenkinsGitDemoTest" name="test3" time="12.859"/>
</testsuite> <!-- Automation.AWCTeamCenter.JenkinsGitDemoTest -->
