<?xml version="1.0" encoding="UTF-8"?>
<!-- Generated by org.testng.reporters.JUnitReportReporter -->
<testsuite hostname="FourColorsLenov" failures="0" tests="5" name="Automation.AWCTeamCenter.JenkinsGitDemoTest" time="54.938" errors="0" timestamp="20 Dec 2023 17:47:50 GMT" skipped="0">
  <testcase classname="Automation.AWCTeamCenter.JenkinsGitDemoTest" name="test5" time="10.864"/>
  <testcase classname="Automation.AWCTeamCenter.JenkinsGitDemoTest" name="test4" time="10.828"/>
  <testcase classname="Automation.AWCTeamCenter.JenkinsGitDemoTest" name="test2" time="10.870"/>
  <testcase classname="Automation.AWCTeamCenter.JenkinsGitDemoTest" name="test1" time="11.499"/>
  <testcase classname="Automation.AWCTeamCenter.JenkinsGitDemoTest" name="test3" time="10.877"/>
</testsuite> <!-- Automation.AWCTeamCenter.JenkinsGitDemoTest -->
