<?xml version="1.0" encoding="UTF-8"?>
<!-- Generated by org.testng.reporters.JUnitReportReporter -->
<testsuite hostname="FourColorsLenov" failures="0" tests="1" name="Automation.AWCTeamCenter.JenkinsGitDemoTest" time="12.036" errors="0" timestamp="19 Dec 2023 00:49:15 GMT" skipped="0">
  <testcase classname="Automation.AWCTeamCenter.JenkinsGitDemoTest" name="test1" time="12.036"/>
</testsuite> <!-- Automation.AWCTeamCenter.JenkinsGitDemoTest -->
