<?xml version="1.0" encoding="UTF-8"?>
<!-- Generated by org.testng.reporters.JUnitReportReporter -->
<testsuite hostname="FourColorsLenov" failures="0" tests="3" name="Automation.AWCTeamCenter.JenkinsGitDemoTest" time="39.123" errors="0" timestamp="19 Dec 2023 21:51:29 GMT" skipped="0">
  <testcase classname="Automation.AWCTeamCenter.JenkinsGitDemoTest" name="test2" time="12.511"/>
  <testcase classname="Automation.AWCTeamCenter.JenkinsGitDemoTest" name="test3" time="12.594"/>
  <testcase classname="Automation.AWCTeamCenter.JenkinsGitDemoTest" name="test1" time="14.018"/>
</testsuite> <!-- Automation.AWCTeamCenter.JenkinsGitDemoTest -->
