<?xml version="1.0" encoding="UTF-8"?>
<!-- Generated by org.testng.reporters.JUnitReportReporter -->
<testsuite hostname="FourColorsLenov" failures="0" tests="1" name="Automation.AWCTeamCenter.AppTest" time="0.006" errors="0" timestamp="19 Dec 2023 00:20:25 GMT" skipped="0">
  <testcase classname="Automation.AWCTeamCenter.AppTest" name="shouldAnswerWithTrue" time="0.006"/>
</testsuite> <!-- Automation.AWCTeamCenter.AppTest -->
